\BOOKMARK [1][-]{section.1}{\376\377\000G\000i\000t\000h\000u\000b\116\012\060\156\060\352\060\335\060\270\060\310\060\352\060\156\000U\000R\000L}{}% 1
\BOOKMARK [1][-]{section.2}{\376\377\225\213\166\172\200\005\124\021\060\121\116\325\151\330\146\370}{}% 2
\BOOKMARK [2][-]{subsection.2.1}{\376\377\060\153\060\130\060\125\060\223\060\130\000S\000E\000E\000d\000'\000s\060\341\060\363\060\320\060\374\116\000\211\247}{section.2}% 3
\BOOKMARK [3][-]{subsubsection.2.1.1}{\376\377\151\202\211\201}{subsection.2.1}% 4
\BOOKMARK [3][-]{subsubsection.2.1.2}{\376\377\060\307\060\374\060\277\151\313\220\040}{subsection.2.1}% 5
\BOOKMARK [3][-]{subsubsection.2.1.3}{\376\377\060\332\060\374\060\270\220\167\171\373}{subsection.2.1}% 6
\BOOKMARK [3][-]{subsubsection.2.1.4}{\376\377\060\352\060\275\060\374\060\271\060\156\212\254\146\016}{subsection.2.1}% 7
\BOOKMARK [2][-]{subsection.2.2}{\376\377\153\164\116\343\060\337\060\271\060\277\060\374\060\252\060\352\060\363\060\324\060\242\060\301\060\343\060\363\060\324\060\252\060\363\116\000\211\247}{section.2}% 8
\BOOKMARK [3][-]{subsubsection.2.2.1}{\376\377\151\202\211\201}{subsection.2.2}% 9
\BOOKMARK [3][-]{subsubsection.2.2.2}{\376\377\060\307\060\374\060\277\151\313\220\040}{subsection.2.2}% 10
\BOOKMARK [3][-]{subsubsection.2.2.3}{\376\377\060\332\060\374\060\270\220\167\171\373}{subsection.2.2}% 11
\BOOKMARK [3][-]{subsubsection.2.2.4}{\376\377\060\352\060\275\060\374\060\271\060\156\212\254\146\016}{subsection.2.2}% 12
\BOOKMARK [2][-]{subsection.2.3}{\376\377\000A\000R\000M\000O\000R\000E\000D\000\040\000C\000O\000R\000E\0006\166\173\130\064\000A\000C\116\000\211\247}{section.2}% 13
\BOOKMARK [3][-]{subsubsection.2.3.1}{\376\377\151\202\211\201}{subsection.2.3}% 14
\BOOKMARK [3][-]{subsubsection.2.3.2}{\376\377\060\307\060\374\060\277\151\313\220\040}{subsection.2.3}% 15
\BOOKMARK [3][-]{subsubsection.2.3.3}{\376\377\060\332\060\374\060\270\220\167\171\373}{subsection.2.3}% 16
\BOOKMARK [3][-]{subsubsection.2.3.4}{\376\377\060\352\060\275\060\374\060\271\060\156\212\254\146\016}{subsection.2.3}% 17
\BOOKMARK [1][-]{section.3}{\376\377\173\241\164\006\200\005\124\021\060\121\116\325\151\330\146\370}{}% 18
\BOOKMARK [2][-]{subsection.3.1}{\376\377\060\244\060\363\060\271\060\310\060\374\060\353\145\271\154\325}{section.3}% 19
\BOOKMARK [2][-]{subsection.3.2}{\376\377\215\167\122\325\145\271\154\325}{section.3}% 20
\BOOKMARK [2][-]{subsection.3.3}{\376\377\215\167\122\325\060\147\060\115\060\152\060\104\130\064\124\010}{section.3}% 21
\BOOKMARK [2][-]{subsection.3.4}{\376\377\122\006\060\113\060\143\060\146\060\104\060\213\116\015\121\167\124\010}{section.3}% 22
